[25-May-2018 23:54:43 UTC] PHP Parse error:  syntax error, unexpected 'else' (T_ELSE) in /home/ubuntu/workspace/includes/insert.php on line 29
[25-May-2018 23:55:19 UTC] PHP Parse error:  syntax error, unexpected 'else' (T_ELSE) in /home/ubuntu/workspace/includes/insert.php on line 29
[25-May-2018 23:55:37 UTC] PHP Parse error:  syntax error, unexpected 'else' (T_ELSE) in /home/ubuntu/workspace/includes/insert.php on line 29
[29-May-2018 04:22:20 UTC] PHP Warning:  include(includes/breadcrumbs.php): failed to open stream: No such file or directory in /home/ubuntu/workspace/rooms/ocean.php on line 70
[29-May-2018 04:22:20 UTC] PHP Stack trace:
[29-May-2018 04:22:20 UTC] PHP   1. {main}() /home/ubuntu/workspace/rooms/ocean.php:0
[29-May-2018 04:22:20 UTC] PHP Warning:  include(): Failed opening 'includes/breadcrumbs.php' for inclusion (include_path='.:/usr/share/php:/usr/share/pear') in /home/ubuntu/workspace/rooms/ocean.php on line 70
[29-May-2018 04:22:20 UTC] PHP Stack trace:
[29-May-2018 04:22:20 UTC] PHP   1. {main}() /home/ubuntu/workspace/rooms/ocean.php:0
[29-May-2018 04:22:20 UTC] PHP Warning:  include(includes/foot.php): failed to open stream: No such file or directory in /home/ubuntu/workspace/rooms/ocean.php on line 124
[29-May-2018 04:22:20 UTC] PHP Stack trace:
[29-May-2018 04:22:20 UTC] PHP   1. {main}() /home/ubuntu/workspace/rooms/ocean.php:0
[29-May-2018 04:22:20 UTC] PHP Warning:  include(): Failed opening 'includes/foot.php' for inclusion (include_path='.:/usr/share/php:/usr/share/pear') in /home/ubuntu/workspace/rooms/ocean.php on line 124
[29-May-2018 04:22:20 UTC] PHP Stack trace:
[29-May-2018 04:22:20 UTC] PHP   1. {main}() /home/ubuntu/workspace/rooms/ocean.php:0
[29-May-2018 04:23:36 UTC] PHP Warning:  include(includes/header.php): failed to open stream: No such file or directory in /home/ubuntu/workspace/rooms/ocean.php on line 1
[29-May-2018 04:23:36 UTC] PHP Stack trace:
[29-May-2018 04:23:36 UTC] PHP   1. {main}() /home/ubuntu/workspace/rooms/ocean.php:0
[29-May-2018 04:23:36 UTC] PHP Warning:  include(): Failed opening 'includes/header.php' for inclusion (include_path='.:/usr/share/php:/usr/share/pear') in /home/ubuntu/workspace/rooms/ocean.php on line 1
[29-May-2018 04:23:36 UTC] PHP Stack trace:
[29-May-2018 04:23:36 UTC] PHP   1. {main}() /home/ubuntu/workspace/rooms/ocean.php:0
[29-May-2018 04:23:36 UTC] PHP Warning:  include(includes/autoloader.php): failed to open stream: No such file or directory in /home/ubuntu/workspace/rooms/ocean.php on line 2
[29-May-2018 04:23:36 UTC] PHP Stack trace:
[29-May-2018 04:23:36 UTC] PHP   1. {main}() /home/ubuntu/workspace/rooms/ocean.php:0
[29-May-2018 04:23:36 UTC] PHP Warning:  include(): Failed opening 'includes/autoloader.php' for inclusion (include_path='.:/usr/share/php:/usr/share/pear') in /home/ubuntu/workspace/rooms/ocean.php on line 2
[29-May-2018 04:23:36 UTC] PHP Stack trace:
[29-May-2018 04:23:36 UTC] PHP   1. {main}() /home/ubuntu/workspace/rooms/ocean.php:0
[29-May-2018 04:23:36 UTC] PHP Warning:  include(includes/head.php): failed to open stream: No such file or directory in /home/ubuntu/workspace/rooms/ocean.php on line 3
[29-May-2018 04:23:36 UTC] PHP Stack trace:
[29-May-2018 04:23:36 UTC] PHP   1. {main}() /home/ubuntu/workspace/rooms/ocean.php:0
[29-May-2018 04:23:36 UTC] PHP Warning:  include(): Failed opening 'includes/head.php' for inclusion (include_path='.:/usr/share/php:/usr/share/pear') in /home/ubuntu/workspace/rooms/ocean.php on line 3
[29-May-2018 04:23:36 UTC] PHP Stack trace:
[29-May-2018 04:23:36 UTC] PHP   1. {main}() /home/ubuntu/workspace/rooms/ocean.php:0
[29-May-2018 04:23:36 UTC] PHP Warning:  include(includes/breadcrumbs.php): failed to open stream: No such file or directory in /home/ubuntu/workspace/rooms/ocean.php on line 75
[29-May-2018 04:23:36 UTC] PHP Stack trace:
[29-May-2018 04:23:36 UTC] PHP   1. {main}() /home/ubuntu/workspace/rooms/ocean.php:0
[29-May-2018 04:23:36 UTC] PHP Warning:  include(): Failed opening 'includes/breadcrumbs.php' for inclusion (include_path='.:/usr/share/php:/usr/share/pear') in /home/ubuntu/workspace/rooms/ocean.php on line 75
[29-May-2018 04:23:36 UTC] PHP Stack trace:
[29-May-2018 04:23:36 UTC] PHP   1. {main}() /home/ubuntu/workspace/rooms/ocean.php:0
[29-May-2018 04:23:36 UTC] PHP Warning:  include(includes/foot.php): failed to open stream: No such file or directory in /home/ubuntu/workspace/rooms/ocean.php on line 129
[29-May-2018 04:23:36 UTC] PHP Stack trace:
[29-May-2018 04:23:36 UTC] PHP   1. {main}() /home/ubuntu/workspace/rooms/ocean.php:0
[29-May-2018 04:23:36 UTC] PHP Warning:  include(): Failed opening 'includes/foot.php' for inclusion (include_path='.:/usr/share/php:/usr/share/pear') in /home/ubuntu/workspace/rooms/ocean.php on line 129
[29-May-2018 04:23:36 UTC] PHP Stack trace:
[29-May-2018 04:23:36 UTC] PHP   1. {main}() /home/ubuntu/workspace/rooms/ocean.php:0
[29-May-2018 04:25:00 UTC] PHP Warning:  include(includes/header.php): failed to open stream: No such file or directory in /home/ubuntu/workspace/rooms/ocean.php on line 1
[29-May-2018 04:25:00 UTC] PHP Stack trace:
[29-May-2018 04:25:00 UTC] PHP   1. {main}() /home/ubuntu/workspace/rooms/ocean.php:0
[29-May-2018 04:25:00 UTC] PHP Warning:  include(): Failed opening 'includes/header.php' for inclusion (include_path='.:/usr/share/php:/usr/share/pear') in /home/ubuntu/workspace/rooms/ocean.php on line 1
[29-May-2018 04:25:00 UTC] PHP Stack trace:
[29-May-2018 04:25:00 UTC] PHP   1. {main}() /home/ubuntu/workspace/rooms/ocean.php:0
[29-May-2018 04:25:00 UTC] PHP Warning:  include(includes/autoloader.php): failed to open stream: No such file or directory in /home/ubuntu/workspace/rooms/ocean.php on line 2
[29-May-2018 04:25:00 UTC] PHP Stack trace:
[29-May-2018 04:25:00 UTC] PHP   1. {main}() /home/ubuntu/workspace/rooms/ocean.php:0
[29-May-2018 04:25:00 UTC] PHP Warning:  include(): Failed opening 'includes/autoloader.php' for inclusion (include_path='.:/usr/share/php:/usr/share/pear') in /home/ubuntu/workspace/rooms/ocean.php on line 2
[29-May-2018 04:25:00 UTC] PHP Stack trace:
[29-May-2018 04:25:00 UTC] PHP   1. {main}() /home/ubuntu/workspace/rooms/ocean.php:0
[29-May-2018 04:25:00 UTC] PHP Warning:  include(includes/head.php): failed to open stream: No such file or directory in /home/ubuntu/workspace/rooms/ocean.php on line 3
[29-May-2018 04:25:00 UTC] PHP Stack trace:
[29-May-2018 04:25:00 UTC] PHP   1. {main}() /home/ubuntu/workspace/rooms/ocean.php:0
[29-May-2018 04:25:00 UTC] PHP Warning:  include(): Failed opening 'includes/head.php' for inclusion (include_path='.:/usr/share/php:/usr/share/pear') in /home/ubuntu/workspace/rooms/ocean.php on line 3
[29-May-2018 04:25:00 UTC] PHP Stack trace:
[29-May-2018 04:25:00 UTC] PHP   1. {main}() /home/ubuntu/workspace/rooms/ocean.php:0
[29-May-2018 04:25:00 UTC] PHP Warning:  include(includes/breadcrumbs.php): failed to open stream: No such file or directory in /home/ubuntu/workspace/rooms/ocean.php on line 75
[29-May-2018 04:25:00 UTC] PHP Stack trace:
[29-May-2018 04:25:00 UTC] PHP   1. {main}() /home/ubuntu/workspace/rooms/ocean.php:0
[29-May-2018 04:25:00 UTC] PHP Warning:  include(): Failed opening 'includes/breadcrumbs.php' for inclusion (include_path='.:/usr/share/php:/usr/share/pear') in /home/ubuntu/workspace/rooms/ocean.php on line 75
[29-May-2018 04:25:00 UTC] PHP Stack trace:
[29-May-2018 04:25:00 UTC] PHP   1. {main}() /home/ubuntu/workspace/rooms/ocean.php:0
[29-May-2018 04:25:00 UTC] PHP Warning:  include(includes/foot.php): failed to open stream: No such file or directory in /home/ubuntu/workspace/rooms/ocean.php on line 129
[29-May-2018 04:25:00 UTC] PHP Stack trace:
[29-May-2018 04:25:00 UTC] PHP   1. {main}() /home/ubuntu/workspace/rooms/ocean.php:0
[29-May-2018 04:25:00 UTC] PHP Warning:  include(): Failed opening 'includes/foot.php' for inclusion (include_path='.:/usr/share/php:/usr/share/pear') in /home/ubuntu/workspace/rooms/ocean.php on line 129
[29-May-2018 04:25:00 UTC] PHP Stack trace:
[29-May-2018 04:25:00 UTC] PHP   1. {main}() /home/ubuntu/workspace/rooms/ocean.php:0
[29-May-2018 04:26:51 UTC] PHP Warning:  include(includes/breadcrumbs.php): failed to open stream: No such file or directory in /home/ubuntu/workspace/rooms/ocean.php on line 71
[29-May-2018 04:26:51 UTC] PHP Stack trace:
[29-May-2018 04:26:51 UTC] PHP   1. {main}() /home/ubuntu/workspace/rooms/ocean.php:0
[29-May-2018 04:26:51 UTC] PHP Warning:  include(): Failed opening 'includes/breadcrumbs.php' for inclusion (include_path='.:/usr/share/php:/usr/share/pear') in /home/ubuntu/workspace/rooms/ocean.php on line 71
[29-May-2018 04:26:51 UTC] PHP Stack trace:
[29-May-2018 04:26:51 UTC] PHP   1. {main}() /home/ubuntu/workspace/rooms/ocean.php:0
[29-May-2018 04:26:51 UTC] PHP Warning:  include(includes/foot.php): failed to open stream: No such file or directory in /home/ubuntu/workspace/rooms/ocean.php on line 125
[29-May-2018 04:26:51 UTC] PHP Stack trace:
[29-May-2018 04:26:51 UTC] PHP   1. {main}() /home/ubuntu/workspace/rooms/ocean.php:0
[29-May-2018 04:26:51 UTC] PHP Warning:  include(): Failed opening 'includes/foot.php' for inclusion (include_path='.:/usr/share/php:/usr/share/pear') in /home/ubuntu/workspace/rooms/ocean.php on line 125
[29-May-2018 04:26:51 UTC] PHP Stack trace:
[29-May-2018 04:26:51 UTC] PHP   1. {main}() /home/ubuntu/workspace/rooms/ocean.php:0
[29-May-2018 04:27:20 UTC] PHP Warning:  include(includes/header.php): failed to open stream: No such file or directory in /home/ubuntu/workspace/rooms/ocean.php on line 1
[29-May-2018 04:27:20 UTC] PHP Stack trace:
[29-May-2018 04:27:20 UTC] PHP   1. {main}() /home/ubuntu/workspace/rooms/ocean.php:0
[29-May-2018 04:27:20 UTC] PHP Warning:  include(): Failed opening 'includes/header.php' for inclusion (include_path='.:/usr/share/php:/usr/share/pear') in /home/ubuntu/workspace/rooms/ocean.php on line 1
[29-May-2018 04:27:20 UTC] PHP Stack trace:
[29-May-2018 04:27:20 UTC] PHP   1. {main}() /home/ubuntu/workspace/rooms/ocean.php:0
[29-May-2018 04:27:20 UTC] PHP Warning:  include(includes/autoloader.php): failed to open stream: No such file or directory in /home/ubuntu/workspace/rooms/ocean.php on line 2
[29-May-2018 04:27:20 UTC] PHP Stack trace:
[29-May-2018 04:27:20 UTC] PHP   1. {main}() /home/ubuntu/workspace/rooms/ocean.php:0
[29-May-2018 04:27:20 UTC] PHP Warning:  include(): Failed opening 'includes/autoloader.php' for inclusion (include_path='.:/usr/share/php:/usr/share/pear') in /home/ubuntu/workspace/rooms/ocean.php on line 2
[29-May-2018 04:27:20 UTC] PHP Stack trace:
[29-May-2018 04:27:20 UTC] PHP   1. {main}() /home/ubuntu/workspace/rooms/ocean.php:0
[29-May-2018 04:27:20 UTC] PHP Warning:  include(includes/breadcrumbs.php): failed to open stream: No such file or directory in /home/ubuntu/workspace/rooms/ocean.php on line 72
[29-May-2018 04:27:20 UTC] PHP Stack trace:
[29-May-2018 04:27:20 UTC] PHP   1. {main}() /home/ubuntu/workspace/rooms/ocean.php:0
[29-May-2018 04:27:20 UTC] PHP Warning:  include(): Failed opening 'includes/breadcrumbs.php' for inclusion (include_path='.:/usr/share/php:/usr/share/pear') in /home/ubuntu/workspace/rooms/ocean.php on line 72
[29-May-2018 04:27:20 UTC] PHP Stack trace:
[29-May-2018 04:27:20 UTC] PHP   1. {main}() /home/ubuntu/workspace/rooms/ocean.php:0
[29-May-2018 04:27:20 UTC] PHP Warning:  include(includes/foot.php): failed to open stream: No such file or directory in /home/ubuntu/workspace/rooms/ocean.php on line 126
[29-May-2018 04:27:20 UTC] PHP Stack trace:
[29-May-2018 04:27:20 UTC] PHP   1. {main}() /home/ubuntu/workspace/rooms/ocean.php:0
[29-May-2018 04:27:20 UTC] PHP Warning:  include(): Failed opening 'includes/foot.php' for inclusion (include_path='.:/usr/share/php:/usr/share/pear') in /home/ubuntu/workspace/rooms/ocean.php on line 126
[29-May-2018 04:27:20 UTC] PHP Stack trace:
[29-May-2018 04:27:20 UTC] PHP   1. {main}() /home/ubuntu/workspace/rooms/ocean.php:0
[29-May-2018 04:27:47 UTC] PHP Warning:  include(includes/header.php): failed to open stream: No such file or directory in /home/ubuntu/workspace/rooms/ocean.php on line 4
[29-May-2018 04:27:47 UTC] PHP Stack trace:
[29-May-2018 04:27:47 UTC] PHP   1. {main}() /home/ubuntu/workspace/rooms/ocean.php:0
[29-May-2018 04:27:47 UTC] PHP Warning:  include(): Failed opening 'includes/header.php' for inclusion (include_path='.:/usr/share/php:/usr/share/pear') in /home/ubuntu/workspace/rooms/ocean.php on line 4
[29-May-2018 04:27:47 UTC] PHP Stack trace:
[29-May-2018 04:27:47 UTC] PHP   1. {main}() /home/ubuntu/workspace/rooms/ocean.php:0
[29-May-2018 04:27:47 UTC] PHP Warning:  include(includes/autoloader.php): failed to open stream: No such file or directory in /home/ubuntu/workspace/rooms/ocean.php on line 5
[29-May-2018 04:27:47 UTC] PHP Stack trace:
[29-May-2018 04:27:47 UTC] PHP   1. {main}() /home/ubuntu/workspace/rooms/ocean.php:0
[29-May-2018 04:27:47 UTC] PHP Warning:  include(): Failed opening 'includes/autoloader.php' for inclusion (include_path='.:/usr/share/php:/usr/share/pear') in /home/ubuntu/workspace/rooms/ocean.php on line 5
[29-May-2018 04:27:47 UTC] PHP Stack trace:
[29-May-2018 04:27:47 UTC] PHP   1. {main}() /home/ubuntu/workspace/rooms/ocean.php:0
[29-May-2018 04:27:47 UTC] PHP Warning:  include(includes/breadcrumbs.php): failed to open stream: No such file or directory in /home/ubuntu/workspace/rooms/ocean.php on line 76
[29-May-2018 04:27:47 UTC] PHP Stack trace:
[29-May-2018 04:27:47 UTC] PHP   1. {main}() /home/ubuntu/workspace/rooms/ocean.php:0
[29-May-2018 04:27:47 UTC] PHP Warning:  include(): Failed opening 'includes/breadcrumbs.php' for inclusion (include_path='.:/usr/share/php:/usr/share/pear') in /home/ubuntu/workspace/rooms/ocean.php on line 76
[29-May-2018 04:27:47 UTC] PHP Stack trace:
[29-May-2018 04:27:47 UTC] PHP   1. {main}() /home/ubuntu/workspace/rooms/ocean.php:0
[29-May-2018 04:27:47 UTC] PHP Warning:  include(includes/foot.php): failed to open stream: No such file or directory in /home/ubuntu/workspace/rooms/ocean.php on line 130
[29-May-2018 04:27:47 UTC] PHP Stack trace:
[29-May-2018 04:27:47 UTC] PHP   1. {main}() /home/ubuntu/workspace/rooms/ocean.php:0
[29-May-2018 04:27:47 UTC] PHP Warning:  include(): Failed opening 'includes/foot.php' for inclusion (include_path='.:/usr/share/php:/usr/share/pear') in /home/ubuntu/workspace/rooms/ocean.php on line 130
[29-May-2018 04:27:47 UTC] PHP Stack trace:
[29-May-2018 04:27:47 UTC] PHP   1. {main}() /home/ubuntu/workspace/rooms/ocean.php:0
[29-May-2018 04:31:14 UTC] PHP Warning:  include(includes/header.php): failed to open stream: No such file or directory in /home/ubuntu/workspace/rooms/ocean.php on line 4
[29-May-2018 04:31:14 UTC] PHP Stack trace:
[29-May-2018 04:31:14 UTC] PHP   1. {main}() /home/ubuntu/workspace/rooms/ocean.php:0
[29-May-2018 04:31:14 UTC] PHP Warning:  include(): Failed opening 'includes/header.php' for inclusion (include_path='.:/usr/share/php:/usr/share/pear') in /home/ubuntu/workspace/rooms/ocean.php on line 4
[29-May-2018 04:31:14 UTC] PHP Stack trace:
[29-May-2018 04:31:14 UTC] PHP   1. {main}() /home/ubuntu/workspace/rooms/ocean.php:0
[29-May-2018 04:31:14 UTC] PHP Warning:  include(includes/autoloader.php): failed to open stream: No such file or directory in /home/ubuntu/workspace/rooms/ocean.php on line 5
[29-May-2018 04:31:14 UTC] PHP Stack trace:
[29-May-2018 04:31:14 UTC] PHP   1. {main}() /home/ubuntu/workspace/rooms/ocean.php:0
[29-May-2018 04:31:14 UTC] PHP Warning:  include(): Failed opening 'includes/autoloader.php' for inclusion (include_path='.:/usr/share/php:/usr/share/pear') in /home/ubuntu/workspace/rooms/ocean.php on line 5
[29-May-2018 04:31:14 UTC] PHP Stack trace:
[29-May-2018 04:31:14 UTC] PHP   1. {main}() /home/ubuntu/workspace/rooms/ocean.php:0
[29-May-2018 04:31:14 UTC] PHP Warning:  include(includes/breadcrumbs.php): failed to open stream: No such file or directory in /home/ubuntu/workspace/rooms/ocean.php on line 76
[29-May-2018 04:31:14 UTC] PHP Stack trace:
[29-May-2018 04:31:14 UTC] PHP   1. {main}() /home/ubuntu/workspace/rooms/ocean.php:0
[29-May-2018 04:31:14 UTC] PHP Warning:  include(): Failed opening 'includes/breadcrumbs.php' for inclusion (include_path='.:/usr/share/php:/usr/share/pear') in /home/ubuntu/workspace/rooms/ocean.php on line 76
[29-May-2018 04:31:14 UTC] PHP Stack trace:
[29-May-2018 04:31:14 UTC] PHP   1. {main}() /home/ubuntu/workspace/rooms/ocean.php:0
[29-May-2018 04:31:14 UTC] PHP Warning:  include(includes/foot.php): failed to open stream: No such file or directory in /home/ubuntu/workspace/rooms/ocean.php on line 130
[29-May-2018 04:31:14 UTC] PHP Stack trace:
[29-May-2018 04:31:14 UTC] PHP   1. {main}() /home/ubuntu/workspace/rooms/ocean.php:0
[29-May-2018 04:31:14 UTC] PHP Warning:  include(): Failed opening 'includes/foot.php' for inclusion (include_path='.:/usr/share/php:/usr/share/pear') in /home/ubuntu/workspace/rooms/ocean.php on line 130
[29-May-2018 04:31:14 UTC] PHP Stack trace:
[29-May-2018 04:31:14 UTC] PHP   1. {main}() /home/ubuntu/workspace/rooms/ocean.php:0
[29-May-2018 04:31:50 UTC] PHP Warning:  include(includes/autoloader.php): failed to open stream: No such file or directory in /home/ubuntu/workspace/rooms/ocean.php on line 2
[29-May-2018 04:31:50 UTC] PHP Stack trace:
[29-May-2018 04:31:50 UTC] PHP   1. {main}() /home/ubuntu/workspace/rooms/ocean.php:0
[29-May-2018 04:31:50 UTC] PHP Warning:  include(): Failed opening 'includes/autoloader.php' for inclusion (include_path='.:/usr/share/php:/usr/share/pear') in /home/ubuntu/workspace/rooms/ocean.php on line 2
[29-May-2018 04:31:50 UTC] PHP Stack trace:
[29-May-2018 04:31:50 UTC] PHP   1. {main}() /home/ubuntu/workspace/rooms/ocean.php:0
[29-May-2018 04:31:50 UTC] PHP Warning:  include(includes/header.php): failed to open stream: No such file or directory in /home/ubuntu/workspace/rooms/ocean.php on line 4
[29-May-2018 04:31:50 UTC] PHP Stack trace:
[29-May-2018 04:31:50 UTC] PHP   1. {main}() /home/ubuntu/workspace/rooms/ocean.php:0
[29-May-2018 04:31:50 UTC] PHP Warning:  include(): Failed opening 'includes/header.php' for inclusion (include_path='.:/usr/share/php:/usr/share/pear') in /home/ubuntu/workspace/rooms/ocean.php on line 4
[29-May-2018 04:31:50 UTC] PHP Stack trace:
[29-May-2018 04:31:50 UTC] PHP   1. {main}() /home/ubuntu/workspace/rooms/ocean.php:0
[29-May-2018 04:31:50 UTC] PHP Warning:  include(includes/breadcrumbs.php): failed to open stream: No such file or directory in /home/ubuntu/workspace/rooms/ocean.php on line 76
[29-May-2018 04:31:50 UTC] PHP Stack trace:
[29-May-2018 04:31:50 UTC] PHP   1. {main}() /home/ubuntu/workspace/rooms/ocean.php:0
[29-May-2018 04:31:50 UTC] PHP Warning:  include(): Failed opening 'includes/breadcrumbs.php' for inclusion (include_path='.:/usr/share/php:/usr/share/pear') in /home/ubuntu/workspace/rooms/ocean.php on line 76
[29-May-2018 04:31:50 UTC] PHP Stack trace:
[29-May-2018 04:31:50 UTC] PHP   1. {main}() /home/ubuntu/workspace/rooms/ocean.php:0
[29-May-2018 04:31:50 UTC] PHP Warning:  include(includes/foot.php): failed to open stream: No such file or directory in /home/ubuntu/workspace/rooms/ocean.php on line 130
[29-May-2018 04:31:50 UTC] PHP Stack trace:
[29-May-2018 04:31:50 UTC] PHP   1. {main}() /home/ubuntu/workspace/rooms/ocean.php:0
[29-May-2018 04:31:50 UTC] PHP Warning:  include(): Failed opening 'includes/foot.php' for inclusion (include_path='.:/usr/share/php:/usr/share/pear') in /home/ubuntu/workspace/rooms/ocean.php on line 130
[29-May-2018 04:31:50 UTC] PHP Stack trace:
[29-May-2018 04:31:50 UTC] PHP   1. {main}() /home/ubuntu/workspace/rooms/ocean.php:0
[29-May-2018 04:33:10 UTC] PHP Warning:  include(includes/header.php): failed to open stream: No such file or directory in /home/ubuntu/workspace/rooms/ocean.php on line 67
[29-May-2018 04:33:10 UTC] PHP Stack trace:
[29-May-2018 04:33:10 UTC] PHP   1. {main}() /home/ubuntu/workspace/rooms/ocean.php:0
[29-May-2018 04:33:10 UTC] PHP Warning:  include(): Failed opening 'includes/header.php' for inclusion (include_path='.:/usr/share/php:/usr/share/pear') in /home/ubuntu/workspace/rooms/ocean.php on line 67
[29-May-2018 04:33:10 UTC] PHP Stack trace:
[29-May-2018 04:33:10 UTC] PHP   1. {main}() /home/ubuntu/workspace/rooms/ocean.php:0
[29-May-2018 04:33:10 UTC] PHP Warning:  include(includes/autoloader.php): failed to open stream: No such file or directory in /home/ubuntu/workspace/rooms/ocean.php on line 68
[29-May-2018 04:33:10 UTC] PHP Stack trace:
[29-May-2018 04:33:10 UTC] PHP   1. {main}() /home/ubuntu/workspace/rooms/ocean.php:0
[29-May-2018 04:33:10 UTC] PHP Warning:  include(): Failed opening 'includes/autoloader.php' for inclusion (include_path='.:/usr/share/php:/usr/share/pear') in /home/ubuntu/workspace/rooms/ocean.php on line 68
[29-May-2018 04:33:10 UTC] PHP Stack trace:
[29-May-2018 04:33:10 UTC] PHP   1. {main}() /home/ubuntu/workspace/rooms/ocean.php:0
[29-May-2018 04:33:10 UTC] PHP Warning:  include(includes/breadcrumbs.php): failed to open stream: No such file or directory in /home/ubuntu/workspace/rooms/ocean.php on line 72
[29-May-2018 04:33:10 UTC] PHP Stack trace:
[29-May-2018 04:33:10 UTC] PHP   1. {main}() /home/ubuntu/workspace/rooms/ocean.php:0
[29-May-2018 04:33:10 UTC] PHP Warning:  include(): Failed opening 'includes/breadcrumbs.php' for inclusion (include_path='.:/usr/share/php:/usr/share/pear') in /home/ubuntu/workspace/rooms/ocean.php on line 72
[29-May-2018 04:33:10 UTC] PHP Stack trace:
[29-May-2018 04:33:10 UTC] PHP   1. {main}() /home/ubuntu/workspace/rooms/ocean.php:0
[29-May-2018 04:33:10 UTC] PHP Warning:  include(includes/foot.php): failed to open stream: No such file or directory in /home/ubuntu/workspace/rooms/ocean.php on line 126
[29-May-2018 04:33:10 UTC] PHP Stack trace:
[29-May-2018 04:33:10 UTC] PHP   1. {main}() /home/ubuntu/workspace/rooms/ocean.php:0
[29-May-2018 04:33:10 UTC] PHP Warning:  include(): Failed opening 'includes/foot.php' for inclusion (include_path='.:/usr/share/php:/usr/share/pear') in /home/ubuntu/workspace/rooms/ocean.php on line 126
[29-May-2018 04:33:10 UTC] PHP Stack trace:
[29-May-2018 04:33:10 UTC] PHP   1. {main}() /home/ubuntu/workspace/rooms/ocean.php:0
[29-May-2018 04:33:35 UTC] PHP Warning:  include(includes/header.php): failed to open stream: No such file or directory in /home/ubuntu/workspace/rooms/ocean.php on line 69
[29-May-2018 04:33:35 UTC] PHP Stack trace:
[29-May-2018 04:33:35 UTC] PHP   1. {main}() /home/ubuntu/workspace/rooms/ocean.php:0
[29-May-2018 04:33:35 UTC] PHP Warning:  include(): Failed opening 'includes/header.php' for inclusion (include_path='.:/usr/share/php:/usr/share/pear') in /home/ubuntu/workspace/rooms/ocean.php on line 69
[29-May-2018 04:33:35 UTC] PHP Stack trace:
[29-May-2018 04:33:35 UTC] PHP   1. {main}() /home/ubuntu/workspace/rooms/ocean.php:0
[29-May-2018 04:33:35 UTC] PHP Warning:  include(includes/autoloader.php): failed to open stream: No such file or directory in /home/ubuntu/workspace/rooms/ocean.php on line 70
[29-May-2018 04:33:35 UTC] PHP Stack trace:
[29-May-2018 04:33:35 UTC] PHP   1. {main}() /home/ubuntu/workspace/rooms/ocean.php:0
[29-May-2018 04:33:35 UTC] PHP Warning:  include(): Failed opening 'includes/autoloader.php' for inclusion (include_path='.:/usr/share/php:/usr/share/pear') in /home/ubuntu/workspace/rooms/ocean.php on line 70
[29-May-2018 04:33:35 UTC] PHP Stack trace:
[29-May-2018 04:33:35 UTC] PHP   1. {main}() /home/ubuntu/workspace/rooms/ocean.php:0
[29-May-2018 04:33:35 UTC] PHP Warning:  include(includes/breadcrumbs.php): failed to open stream: No such file or directory in /home/ubuntu/workspace/rooms/ocean.php on line 73
[29-May-2018 04:33:35 UTC] PHP Stack trace:
[29-May-2018 04:33:35 UTC] PHP   1. {main}() /home/ubuntu/workspace/rooms/ocean.php:0
[29-May-2018 04:33:35 UTC] PHP Warning:  include(): Failed opening 'includes/breadcrumbs.php' for inclusion (include_path='.:/usr/share/php:/usr/share/pear') in /home/ubuntu/workspace/rooms/ocean.php on line 73
[29-May-2018 04:33:35 UTC] PHP Stack trace:
[29-May-2018 04:33:35 UTC] PHP   1. {main}() /home/ubuntu/workspace/rooms/ocean.php:0
[29-May-2018 04:33:35 UTC] PHP Warning:  include(includes/foot.php): failed to open stream: No such file or directory in /home/ubuntu/workspace/rooms/ocean.php on line 127
[29-May-2018 04:33:35 UTC] PHP Stack trace:
[29-May-2018 04:33:35 UTC] PHP   1. {main}() /home/ubuntu/workspace/rooms/ocean.php:0
[29-May-2018 04:33:35 UTC] PHP Warning:  include(): Failed opening 'includes/foot.php' for inclusion (include_path='.:/usr/share/php:/usr/share/pear') in /home/ubuntu/workspace/rooms/ocean.php on line 127
[29-May-2018 04:33:35 UTC] PHP Stack trace:
[29-May-2018 04:33:35 UTC] PHP   1. {main}() /home/ubuntu/workspace/rooms/ocean.php:0
[29-May-2018 04:34:05 UTC] PHP Warning:  include(includes/header.php): failed to open stream: No such file or directory in /home/ubuntu/workspace/rooms/ocean.php on line 1
[29-May-2018 04:34:05 UTC] PHP Stack trace:
[29-May-2018 04:34:05 UTC] PHP   1. {main}() /home/ubuntu/workspace/rooms/ocean.php:0
[29-May-2018 04:34:05 UTC] PHP Warning:  include(): Failed opening 'includes/header.php' for inclusion (include_path='.:/usr/share/php:/usr/share/pear') in /home/ubuntu/workspace/rooms/ocean.php on line 1
[29-May-2018 04:34:05 UTC] PHP Stack trace:
[29-May-2018 04:34:05 UTC] PHP   1. {main}() /home/ubuntu/workspace/rooms/ocean.php:0
[29-May-2018 04:34:05 UTC] PHP Warning:  include(includes/autoloader.php): failed to open stream: No such file or directory in /home/ubuntu/workspace/rooms/ocean.php on line 2
[29-May-2018 04:34:05 UTC] PHP Stack trace:
[29-May-2018 04:34:05 UTC] PHP   1. {main}() /home/ubuntu/workspace/rooms/ocean.php:0
[29-May-2018 04:34:05 UTC] PHP Warning:  include(): Failed opening 'includes/autoloader.php' for inclusion (include_path='.:/usr/share/php:/usr/share/pear') in /home/ubuntu/workspace/rooms/ocean.php on line 2
[29-May-2018 04:34:05 UTC] PHP Stack trace:
[29-May-2018 04:34:05 UTC] PHP   1. {main}() /home/ubuntu/workspace/rooms/ocean.php:0
[29-May-2018 04:34:05 UTC] PHP Warning:  include(includes/breadcrumbs.php): failed to open stream: No such file or directory in /home/ubuntu/workspace/rooms/ocean.php on line 74
[29-May-2018 04:34:05 UTC] PHP Stack trace:
[29-May-2018 04:34:05 UTC] PHP   1. {main}() /home/ubuntu/workspace/rooms/ocean.php:0
[29-May-2018 04:34:05 UTC] PHP Warning:  include(): Failed opening 'includes/breadcrumbs.php' for inclusion (include_path='.:/usr/share/php:/usr/share/pear') in /home/ubuntu/workspace/rooms/ocean.php on line 74
[29-May-2018 04:34:05 UTC] PHP Stack trace:
[29-May-2018 04:34:05 UTC] PHP   1. {main}() /home/ubuntu/workspace/rooms/ocean.php:0
[29-May-2018 04:34:05 UTC] PHP Warning:  include(includes/foot.php): failed to open stream: No such file or directory in /home/ubuntu/workspace/rooms/ocean.php on line 128
[29-May-2018 04:34:05 UTC] PHP Stack trace:
[29-May-2018 04:34:05 UTC] PHP   1. {main}() /home/ubuntu/workspace/rooms/ocean.php:0
[29-May-2018 04:34:05 UTC] PHP Warning:  include(): Failed opening 'includes/foot.php' for inclusion (include_path='.:/usr/share/php:/usr/share/pear') in /home/ubuntu/workspace/rooms/ocean.php on line 128
[29-May-2018 04:34:05 UTC] PHP Stack trace:
[29-May-2018 04:34:05 UTC] PHP   1. {main}() /home/ubuntu/workspace/rooms/ocean.php:0
[29-May-2018 04:40:11 UTC] PHP Warning:  include(includes/header.php): failed to open stream: No such file or directory in /home/ubuntu/workspace/rooms/family.php on line 1
[29-May-2018 04:40:11 UTC] PHP Stack trace:
[29-May-2018 04:40:11 UTC] PHP   1. {main}() /home/ubuntu/workspace/rooms/family.php:0
[29-May-2018 04:40:11 UTC] PHP Warning:  include(): Failed opening 'includes/header.php' for inclusion (include_path='.:/usr/share/php:/usr/share/pear') in /home/ubuntu/workspace/rooms/family.php on line 1
[29-May-2018 04:40:11 UTC] PHP Stack trace:
[29-May-2018 04:40:11 UTC] PHP   1. {main}() /home/ubuntu/workspace/rooms/family.php:0
[29-May-2018 04:40:11 UTC] PHP Warning:  include(includes/autoloader.php): failed to open stream: No such file or directory in /home/ubuntu/workspace/rooms/family.php on line 75
[29-May-2018 04:40:11 UTC] PHP Stack trace:
[29-May-2018 04:40:11 UTC] PHP   1. {main}() /home/ubuntu/workspace/rooms/family.php:0
[29-May-2018 04:40:11 UTC] PHP Warning:  include(): Failed opening 'includes/autoloader.php' for inclusion (include_path='.:/usr/share/php:/usr/share/pear') in /home/ubuntu/workspace/rooms/family.php on line 75
[29-May-2018 04:40:11 UTC] PHP Stack trace:
[29-May-2018 04:40:11 UTC] PHP   1. {main}() /home/ubuntu/workspace/rooms/family.php:0
[29-May-2018 04:40:11 UTC] PHP Warning:  include(includes/breadcrumbs.php): failed to open stream: No such file or directory in /home/ubuntu/workspace/rooms/family.php on line 76
[29-May-2018 04:40:11 UTC] PHP Stack trace:
[29-May-2018 04:40:11 UTC] PHP   1. {main}() /home/ubuntu/workspace/rooms/family.php:0
[29-May-2018 04:40:11 UTC] PHP Warning:  include(): Failed opening 'includes/breadcrumbs.php' for inclusion (include_path='.:/usr/share/php:/usr/share/pear') in /home/ubuntu/workspace/rooms/family.php on line 76
[29-May-2018 04:40:11 UTC] PHP Stack trace:
[29-May-2018 04:40:11 UTC] PHP   1. {main}() /home/ubuntu/workspace/rooms/family.php:0
[29-May-2018 04:40:11 UTC] PHP Warning:  include(includes/foot.php): failed to open stream: No such file or directory in /home/ubuntu/workspace/rooms/family.php on line 130
[29-May-2018 04:40:11 UTC] PHP Stack trace:
[29-May-2018 04:40:11 UTC] PHP   1. {main}() /home/ubuntu/workspace/rooms/family.php:0
[29-May-2018 04:40:11 UTC] PHP Warning:  include(): Failed opening 'includes/foot.php' for inclusion (include_path='.:/usr/share/php:/usr/share/pear') in /home/ubuntu/workspace/rooms/family.php on line 130
[29-May-2018 04:40:11 UTC] PHP Stack trace:
[29-May-2018 04:40:11 UTC] PHP   1. {main}() /home/ubuntu/workspace/rooms/family.php:0
[29-May-2018 04:43:17 UTC] PHP Warning:  include(includes/header.php): failed to open stream: No such file or directory in /home/ubuntu/workspace/rooms/family.php on line 1
[29-May-2018 04:43:17 UTC] PHP Stack trace:
[29-May-2018 04:43:17 UTC] PHP   1. {main}() /home/ubuntu/workspace/rooms/family.php:0
[29-May-2018 04:43:17 UTC] PHP Warning:  include(): Failed opening 'includes/header.php' for inclusion (include_path='.:/usr/share/php:/usr/share/pear') in /home/ubuntu/workspace/rooms/family.php on line 1
[29-May-2018 04:43:17 UTC] PHP Stack trace:
[29-May-2018 04:43:17 UTC] PHP   1. {main}() /home/ubuntu/workspace/rooms/family.php:0
[29-May-2018 04:43:17 UTC] PHP Warning:  include(includes/autoloader.php): failed to open stream: No such file or directory in /home/ubuntu/workspace/rooms/family.php on line 72
[29-May-2018 04:43:17 UTC] PHP Stack trace:
[29-May-2018 04:43:17 UTC] PHP   1. {main}() /home/ubuntu/workspace/rooms/family.php:0
[29-May-2018 04:43:17 UTC] PHP Warning:  include(): Failed opening 'includes/autoloader.php' for inclusion (include_path='.:/usr/share/php:/usr/share/pear') in /home/ubuntu/workspace/rooms/family.php on line 72
[29-May-2018 04:43:17 UTC] PHP Stack trace:
[29-May-2018 04:43:17 UTC] PHP   1. {main}() /home/ubuntu/workspace/rooms/family.php:0
[29-May-2018 04:43:17 UTC] PHP Warning:  include(includes/breadcrumbs.php): failed to open stream: No such file or directory in /home/ubuntu/workspace/rooms/family.php on line 73
[29-May-2018 04:43:17 UTC] PHP Stack trace:
[29-May-2018 04:43:17 UTC] PHP   1. {main}() /home/ubuntu/workspace/rooms/family.php:0
[29-May-2018 04:43:17 UTC] PHP Warning:  include(): Failed opening 'includes/breadcrumbs.php' for inclusion (include_path='.:/usr/share/php:/usr/share/pear') in /home/ubuntu/workspace/rooms/family.php on line 73
[29-May-2018 04:43:17 UTC] PHP Stack trace:
[29-May-2018 04:43:17 UTC] PHP   1. {main}() /home/ubuntu/workspace/rooms/family.php:0
[29-May-2018 04:43:17 UTC] PHP Warning:  Invalid argument supplied for foreach() in /home/ubuntu/workspace/rooms/family.php on line 103
[29-May-2018 04:43:17 UTC] PHP Stack trace:
[29-May-2018 04:43:17 UTC] PHP   1. {main}() /home/ubuntu/workspace/rooms/family.php:0
[29-May-2018 04:43:17 UTC] PHP Warning:  Invalid argument supplied for foreach() in /home/ubuntu/workspace/rooms/family.php on line 109
[29-May-2018 04:43:17 UTC] PHP Stack trace:
[29-May-2018 04:43:17 UTC] PHP   1. {main}() /home/ubuntu/workspace/rooms/family.php:0
[29-May-2018 04:43:17 UTC] PHP Warning:  Invalid argument supplied for foreach() in /home/ubuntu/workspace/rooms/family.php on line 115
[29-May-2018 04:43:17 UTC] PHP Stack trace:
[29-May-2018 04:43:17 UTC] PHP   1. {main}() /home/ubuntu/workspace/rooms/family.php:0
[29-May-2018 04:43:17 UTC] PHP Warning:  include(includes/foot.php): failed to open stream: No such file or directory in /home/ubuntu/workspace/rooms/family.php on line 127
[29-May-2018 04:43:17 UTC] PHP Stack trace:
[29-May-2018 04:43:17 UTC] PHP   1. {main}() /home/ubuntu/workspace/rooms/family.php:0
[29-May-2018 04:43:17 UTC] PHP Warning:  include(): Failed opening 'includes/foot.php' for inclusion (include_path='.:/usr/share/php:/usr/share/pear') in /home/ubuntu/workspace/rooms/family.php on line 127
[29-May-2018 04:43:17 UTC] PHP Stack trace:
[29-May-2018 04:43:17 UTC] PHP   1. {main}() /home/ubuntu/workspace/rooms/family.php:0
[29-May-2018 04:43:20 UTC] PHP Warning:  include(includes/header.php): failed to open stream: No such file or directory in /home/ubuntu/workspace/rooms/family.php on line 1
[29-May-2018 04:43:20 UTC] PHP Stack trace:
[29-May-2018 04:43:20 UTC] PHP   1. {main}() /home/ubuntu/workspace/rooms/family.php:0
[29-May-2018 04:43:20 UTC] PHP Warning:  include(): Failed opening 'includes/header.php' for inclusion (include_path='.:/usr/share/php:/usr/share/pear') in /home/ubuntu/workspace/rooms/family.php on line 1
[29-May-2018 04:43:20 UTC] PHP Stack trace:
[29-May-2018 04:43:20 UTC] PHP   1. {main}() /home/ubuntu/workspace/rooms/family.php:0
[29-May-2018 04:43:20 UTC] PHP Warning:  include(includes/autoloader.php): failed to open stream: No such file or directory in /home/ubuntu/workspace/rooms/family.php on line 72
[29-May-2018 04:43:20 UTC] PHP Stack trace:
[29-May-2018 04:43:20 UTC] PHP   1. {main}() /home/ubuntu/workspace/rooms/family.php:0
[29-May-2018 04:43:20 UTC] PHP Warning:  include(): Failed opening 'includes/autoloader.php' for inclusion (include_path='.:/usr/share/php:/usr/share/pear') in /home/ubuntu/workspace/rooms/family.php on line 72
[29-May-2018 04:43:20 UTC] PHP Stack trace:
[29-May-2018 04:43:20 UTC] PHP   1. {main}() /home/ubuntu/workspace/rooms/family.php:0
[29-May-2018 04:43:20 UTC] PHP Warning:  include(includes/breadcrumbs.php): failed to open stream: No such file or directory in /home/ubuntu/workspace/rooms/family.php on line 73
[29-May-2018 04:43:20 UTC] PHP Stack trace:
[29-May-2018 04:43:20 UTC] PHP   1. {main}() /home/ubuntu/workspace/rooms/family.php:0
[29-May-2018 04:43:20 UTC] PHP Warning:  include(): Failed opening 'includes/breadcrumbs.php' for inclusion (include_path='.:/usr/share/php:/usr/share/pear') in /home/ubuntu/workspace/rooms/family.php on line 73
[29-May-2018 04:43:20 UTC] PHP Stack trace:
[29-May-2018 04:43:20 UTC] PHP   1. {main}() /home/ubuntu/workspace/rooms/family.php:0
[29-May-2018 04:43:20 UTC] PHP Warning:  Invalid argument supplied for foreach() in /home/ubuntu/workspace/rooms/family.php on line 103
[29-May-2018 04:43:20 UTC] PHP Stack trace:
[29-May-2018 04:43:20 UTC] PHP   1. {main}() /home/ubuntu/workspace/rooms/family.php:0
[29-May-2018 04:43:20 UTC] PHP Warning:  Invalid argument supplied for foreach() in /home/ubuntu/workspace/rooms/family.php on line 109
[29-May-2018 04:43:20 UTC] PHP Stack trace:
[29-May-2018 04:43:20 UTC] PHP   1. {main}() /home/ubuntu/workspace/rooms/family.php:0
[29-May-2018 04:43:20 UTC] PHP Warning:  Invalid argument supplied for foreach() in /home/ubuntu/workspace/rooms/family.php on line 115
[29-May-2018 04:43:20 UTC] PHP Stack trace:
[29-May-2018 04:43:20 UTC] PHP   1. {main}() /home/ubuntu/workspace/rooms/family.php:0
[29-May-2018 04:43:20 UTC] PHP Warning:  include(includes/foot.php): failed to open stream: No such file or directory in /home/ubuntu/workspace/rooms/family.php on line 127
[29-May-2018 04:43:20 UTC] PHP Stack trace:
[29-May-2018 04:43:20 UTC] PHP   1. {main}() /home/ubuntu/workspace/rooms/family.php:0
[29-May-2018 04:43:20 UTC] PHP Warning:  include(): Failed opening 'includes/foot.php' for inclusion (include_path='.:/usr/share/php:/usr/share/pear') in /home/ubuntu/workspace/rooms/family.php on line 127
[29-May-2018 04:43:20 UTC] PHP Stack trace:
[29-May-2018 04:43:20 UTC] PHP   1. {main}() /home/ubuntu/workspace/rooms/family.php:0
[29-May-2018 04:43:25 UTC] PHP Warning:  include(includes/header.php): failed to open stream: No such file or directory in /home/ubuntu/workspace/rooms/family.php on line 1
[29-May-2018 04:43:25 UTC] PHP Stack trace:
[29-May-2018 04:43:25 UTC] PHP   1. {main}() /home/ubuntu/workspace/rooms/family.php:0
[29-May-2018 04:43:25 UTC] PHP Warning:  include(): Failed opening 'includes/header.php' for inclusion (include_path='.:/usr/share/php:/usr/share/pear') in /home/ubuntu/workspace/rooms/family.php on line 1
[29-May-2018 04:43:25 UTC] PHP Stack trace:
[29-May-2018 04:43:25 UTC] PHP   1. {main}() /home/ubuntu/workspace/rooms/family.php:0
[29-May-2018 04:43:25 UTC] PHP Warning:  include(includes/autoloader.php): failed to open stream: No such file or directory in /home/ubuntu/workspace/rooms/family.php on line 72
[29-May-2018 04:43:25 UTC] PHP Stack trace:
[29-May-2018 04:43:25 UTC] PHP   1. {main}() /home/ubuntu/workspace/rooms/family.php:0
[29-May-2018 04:43:25 UTC] PHP Warning:  include(): Failed opening 'includes/autoloader.php' for inclusion (include_path='.:/usr/share/php:/usr/share/pear') in /home/ubuntu/workspace/rooms/family.php on line 72
[29-May-2018 04:43:25 UTC] PHP Stack trace:
[29-May-2018 04:43:25 UTC] PHP   1. {main}() /home/ubuntu/workspace/rooms/family.php:0
[29-May-2018 04:43:25 UTC] PHP Warning:  include(includes/breadcrumbs.php): failed to open stream: No such file or directory in /home/ubuntu/workspace/rooms/family.php on line 73
[29-May-2018 04:43:25 UTC] PHP Stack trace:
[29-May-2018 04:43:25 UTC] PHP   1. {main}() /home/ubuntu/workspace/rooms/family.php:0
[29-May-2018 04:43:25 UTC] PHP Warning:  include(): Failed opening 'includes/breadcrumbs.php' for inclusion (include_path='.:/usr/share/php:/usr/share/pear') in /home/ubuntu/workspace/rooms/family.php on line 73
[29-May-2018 04:43:25 UTC] PHP Stack trace:
[29-May-2018 04:43:25 UTC] PHP   1. {main}() /home/ubuntu/workspace/rooms/family.php:0
[29-May-2018 04:43:25 UTC] PHP Warning:  Invalid argument supplied for foreach() in /home/ubuntu/workspace/rooms/family.php on line 103
[29-May-2018 04:43:25 UTC] PHP Stack trace:
[29-May-2018 04:43:25 UTC] PHP   1. {main}() /home/ubuntu/workspace/rooms/family.php:0
[29-May-2018 04:43:25 UTC] PHP Warning:  Invalid argument supplied for foreach() in /home/ubuntu/workspace/rooms/family.php on line 109
[29-May-2018 04:43:25 UTC] PHP Stack trace:
[29-May-2018 04:43:25 UTC] PHP   1. {main}() /home/ubuntu/workspace/rooms/family.php:0
[29-May-2018 04:43:25 UTC] PHP Warning:  Invalid argument supplied for foreach() in /home/ubuntu/workspace/rooms/family.php on line 115
[29-May-2018 04:43:25 UTC] PHP Stack trace:
[29-May-2018 04:43:25 UTC] PHP   1. {main}() /home/ubuntu/workspace/rooms/family.php:0
[29-May-2018 04:43:25 UTC] PHP Warning:  include(includes/foot.php): failed to open stream: No such file or directory in /home/ubuntu/workspace/rooms/family.php on line 127
[29-May-2018 04:43:25 UTC] PHP Stack trace:
[29-May-2018 04:43:25 UTC] PHP   1. {main}() /home/ubuntu/workspace/rooms/family.php:0
[29-May-2018 04:43:25 UTC] PHP Warning:  include(): Failed opening 'includes/foot.php' for inclusion (include_path='.:/usr/share/php:/usr/share/pear') in /home/ubuntu/workspace/rooms/family.php on line 127
[29-May-2018 04:43:25 UTC] PHP Stack trace:
[29-May-2018 04:43:25 UTC] PHP   1. {main}() /home/ubuntu/workspace/rooms/family.php:0
[29-May-2018 04:43:27 UTC] PHP Warning:  include(includes/header.php): failed to open stream: No such file or directory in /home/ubuntu/workspace/rooms/family.php on line 1
[29-May-2018 04:43:27 UTC] PHP Stack trace:
[29-May-2018 04:43:27 UTC] PHP   1. {main}() /home/ubuntu/workspace/rooms/family.php:0
[29-May-2018 04:43:27 UTC] PHP Warning:  include(): Failed opening 'includes/header.php' for inclusion (include_path='.:/usr/share/php:/usr/share/pear') in /home/ubuntu/workspace/rooms/family.php on line 1
[29-May-2018 04:43:27 UTC] PHP Stack trace:
[29-May-2018 04:43:27 UTC] PHP   1. {main}() /home/ubuntu/workspace/rooms/family.php:0
[29-May-2018 04:43:27 UTC] PHP Warning:  include(includes/autoloader.php): failed to open stream: No such file or directory in /home/ubuntu/workspace/rooms/family.php on line 72
[29-May-2018 04:43:27 UTC] PHP Stack trace:
[29-May-2018 04:43:27 UTC] PHP   1. {main}() /home/ubuntu/workspace/rooms/family.php:0
[29-May-2018 04:43:27 UTC] PHP Warning:  include(): Failed opening 'includes/autoloader.php' for inclusion (include_path='.:/usr/share/php:/usr/share/pear') in /home/ubuntu/workspace/rooms/family.php on line 72
[29-May-2018 04:43:27 UTC] PHP Stack trace:
[29-May-2018 04:43:27 UTC] PHP   1. {main}() /home/ubuntu/workspace/rooms/family.php:0
[29-May-2018 04:43:27 UTC] PHP Warning:  include(includes/breadcrumbs.php): failed to open stream: No such file or directory in /home/ubuntu/workspace/rooms/family.php on line 73
[29-May-2018 04:43:27 UTC] PHP Stack trace:
[29-May-2018 04:43:27 UTC] PHP   1. {main}() /home/ubuntu/workspace/rooms/family.php:0
[29-May-2018 04:43:27 UTC] PHP Warning:  include(): Failed opening 'includes/breadcrumbs.php' for inclusion (include_path='.:/usr/share/php:/usr/share/pear') in /home/ubuntu/workspace/rooms/family.php on line 73
[29-May-2018 04:43:27 UTC] PHP Stack trace:
[29-May-2018 04:43:27 UTC] PHP   1. {main}() /home/ubuntu/workspace/rooms/family.php:0
[29-May-2018 04:43:27 UTC] PHP Warning:  Invalid argument supplied for foreach() in /home/ubuntu/workspace/rooms/family.php on line 103
[29-May-2018 04:43:27 UTC] PHP Stack trace:
[29-May-2018 04:43:27 UTC] PHP   1. {main}() /home/ubuntu/workspace/rooms/family.php:0
[29-May-2018 04:43:27 UTC] PHP Warning:  Invalid argument supplied for foreach() in /home/ubuntu/workspace/rooms/family.php on line 109
[29-May-2018 04:43:27 UTC] PHP Stack trace:
[29-May-2018 04:43:27 UTC] PHP   1. {main}() /home/ubuntu/workspace/rooms/family.php:0
[29-May-2018 04:43:27 UTC] PHP Warning:  Invalid argument supplied for foreach() in /home/ubuntu/workspace/rooms/family.php on line 115
[29-May-2018 04:43:27 UTC] PHP Stack trace:
[29-May-2018 04:43:27 UTC] PHP   1. {main}() /home/ubuntu/workspace/rooms/family.php:0
[29-May-2018 04:43:27 UTC] PHP Warning:  include(includes/foot.php): failed to open stream: No such file or directory in /home/ubuntu/workspace/rooms/family.php on line 127
[29-May-2018 04:43:27 UTC] PHP Stack trace:
[29-May-2018 04:43:27 UTC] PHP   1. {main}() /home/ubuntu/workspace/rooms/family.php:0
[29-May-2018 04:43:27 UTC] PHP Warning:  include(): Failed opening 'includes/foot.php' for inclusion (include_path='.:/usr/share/php:/usr/share/pear') in /home/ubuntu/workspace/rooms/family.php on line 127
[29-May-2018 04:43:27 UTC] PHP Stack trace:
[29-May-2018 04:43:27 UTC] PHP   1. {main}() /home/ubuntu/workspace/rooms/family.php:0
[29-May-2018 04:49:38 UTC] PHP Warning:  include(includes/header.php): failed to open stream: No such file or directory in /home/ubuntu/workspace/rooms/family.php on line 1
[29-May-2018 04:49:38 UTC] PHP Stack trace:
[29-May-2018 04:49:38 UTC] PHP   1. {main}() /home/ubuntu/workspace/rooms/family.php:0
[29-May-2018 04:49:38 UTC] PHP Warning:  include(): Failed opening 'includes/header.php' for inclusion (include_path='.:/usr/share/php:/usr/share/pear') in /home/ubuntu/workspace/rooms/family.php on line 1
[29-May-2018 04:49:38 UTC] PHP Stack trace:
[29-May-2018 04:49:38 UTC] PHP   1. {main}() /home/ubuntu/workspace/rooms/family.php:0
[29-May-2018 04:49:38 UTC] PHP Warning:  include(includes/breadcrumbs.php): failed to open stream: No such file or directory in /home/ubuntu/workspace/rooms/family.php on line 10
[29-May-2018 04:49:38 UTC] PHP Stack trace:
[29-May-2018 04:49:38 UTC] PHP   1. {main}() /home/ubuntu/workspace/rooms/family.php:0
[29-May-2018 04:49:38 UTC] PHP Warning:  include(): Failed opening 'includes/breadcrumbs.php' for inclusion (include_path='.:/usr/share/php:/usr/share/pear') in /home/ubuntu/workspace/rooms/family.php on line 10
[29-May-2018 04:49:38 UTC] PHP Stack trace:
[29-May-2018 04:49:38 UTC] PHP   1. {main}() /home/ubuntu/workspace/rooms/family.php:0
[29-May-2018 04:49:38 UTC] PHP Warning:  Invalid argument supplied for foreach() in /home/ubuntu/workspace/rooms/family.php on line 40
[29-May-2018 04:49:38 UTC] PHP Stack trace:
[29-May-2018 04:49:38 UTC] PHP   1. {main}() /home/ubuntu/workspace/rooms/family.php:0
[29-May-2018 04:49:38 UTC] PHP Warning:  Invalid argument supplied for foreach() in /home/ubuntu/workspace/rooms/family.php on line 46
[29-May-2018 04:49:38 UTC] PHP Stack trace:
[29-May-2018 04:49:38 UTC] PHP   1. {main}() /home/ubuntu/workspace/rooms/family.php:0
[29-May-2018 04:49:38 UTC] PHP Warning:  Invalid argument supplied for foreach() in /home/ubuntu/workspace/rooms/family.php on line 52
[29-May-2018 04:49:38 UTC] PHP Stack trace:
[29-May-2018 04:49:38 UTC] PHP   1. {main}() /home/ubuntu/workspace/rooms/family.php:0
[29-May-2018 04:49:38 UTC] PHP Warning:  include(includes/foot.php): failed to open stream: No such file or directory in /home/ubuntu/workspace/rooms/family.php on line 63
[29-May-2018 04:49:38 UTC] PHP Stack trace:
[29-May-2018 04:49:38 UTC] PHP   1. {main}() /home/ubuntu/workspace/rooms/family.php:0
[29-May-2018 04:49:38 UTC] PHP Warning:  include(): Failed opening 'includes/foot.php' for inclusion (include_path='.:/usr/share/php:/usr/share/pear') in /home/ubuntu/workspace/rooms/family.php on line 63
[29-May-2018 04:49:38 UTC] PHP Stack trace:
[29-May-2018 04:49:38 UTC] PHP   1. {main}() /home/ubuntu/workspace/rooms/family.php:0
